<?xml version="1.0" encoding="UTF-8"?>
<testsuite name="com.project.test.homework1.TodoTest" time="9.593" tests="1" errors="0" skipped="0" failures="1">
  <properties>
[...]
</properties>
  <testcase name="testCreateTask" classname="com.project.test.homework1.TodoTest" time="9.593">
    <failure message="&#10;Actual: [task1 edited, task2, do1, do2, do3, do4]&#10;Expected: [do1, do2, do3, do4]&#10;Collection: #todo-list&gt;li&#10;Screenshot: file:/home/tema/tasj/todo_mvc_tests/build/reports/tests/1433091025313.0.png&#10;Timeout: 4 s." type="com.codeborne.selenide.ex.TextsMismatch">com.codeborne.selenide.ex.TextsMismatch: 
Actual: [task1 edited, task2, do1, do2, do3, do4]
Expected: [do1, do2, do3, do4]
Collection: #todo-list>li
Screenshot: file:/home/tema/tasj/todo_mvc_tests/build/reports/tests/1433091025313.0.png
Timeout: 4 s.
	at com.codeborne.selenide.collections.ExactTexts.fail(ExactTexts.java:47)
	at com.codeborne.selenide.ElementsCollection.waitUntil(ElementsCollection.java:92)
	at com.codeborne.selenide.ElementsCollection.should(ElementsCollection.java:48)
	at com.codeborne.selenide.ElementsCollection.shouldHave(ElementsCollection.java:41)
	at com.project.test.homework1.TodoTest.testCreateTask(TodoTest.java:29)
</failure>
  </testcase>
</testsuite>